TN:
SF:.eslintrc.js
FNF:0
FNH:0
DA:1,0
LF:1
LH:0
BRDA:14,0,0,0
BRDA:14,0,1,0
BRDA:15,1,0,0
BRDA:15,1,1,0
BRF:4
BRH:0
end_of_record
TN:
SF:babel.config.js
FNF:0
FNH:0
DA:1,0
LF:1
LH:0
BRF:0
BRH:0
end_of_record
TN:
SF:src\App.vue
FNF:0
FNH:0
DA:8,0
LF:1
LH:0
BRF:0
BRH:0
end_of_record
TN:
SF:src\main.js
FN:7,(anonymous_0)
FNF:1
FNH:0
FNDA:0,(anonymous_0)
DA:4,0
DA:6,0
DA:7,0
LF:3
LH:0
BRF:0
BRH:0
end_of_record
TN:
SF:tests\Calculator.vue
FN:35,(anonymous_1)
FN:46,(anonymous_2)
FN:69,(anonymous_3)
FN:72,(anonymous_4)
FN:75,(anonymous_5)
FN:83,(anonymous_6)
FN:86,(anonymous_7)
FN:89,(anonymous_8)
FN:92,(anonymous_9)
FN:95,(anonymous_10)
FNF:10
FNH:10
FNDA:13,(anonymous_1)
FNDA:7,(anonymous_2)
FNDA:1,(anonymous_3)
FNDA:1,(anonymous_4)
FNDA:2,(anonymous_5)
FNDA:1,(anonymous_6)
FNDA:1,(anonymous_7)
FNDA:1,(anonymous_8)
FNDA:1,(anonymous_9)
FNDA:1,(anonymous_10)
DA:35,13
DA:47,7
DA:48,7
DA:50,1
DA:51,1
DA:53,1
DA:54,1
DA:56,1
DA:57,1
DA:59,2
DA:60,2
DA:62,1
DA:63,1
DA:65,1
DA:66,1
DA:70,1
DA:73,1
DA:76,2
DA:77,2
DA:78,1
DA:80,1
DA:84,1
DA:87,1
DA:90,1
DA:93,1
DA:96,1
LF:26
LH:26
BRDA:46,0,0,0
BRDA:49,1,0,1
BRDA:49,1,1,1
BRDA:49,1,2,1
BRDA:49,1,3,2
BRDA:49,1,4,1
BRDA:49,1,5,1
BRDA:77,2,0,1
BRDA:77,2,1,1
BRF:9
BRH:8
end_of_record
